Arguments: 
  E:\Nodejs\node.exe C:\Users\USER\AppData\Roaming\npm\node_modules\yarn\bin\yarn.js install

PATH: 
  D:\bin\;C:\Program Files\Common Files\Oracle\Java\javapath;D:\Python\Scripts\;D:\Python\;C:\Program Files (x86)\Intel\Intel(R) Management Engine Components\iCLS\;C:\Program Files\Intel\Intel(R) Management Engine Components\iCLS\;E:\Python\Scripts\;E:\Python\;D:\Program Files (x86)\CollabNet;D:\C++ builder\Embarcadero\Studio\14.0\bin;C:\Users\USER\Documents\Embarcadero\Studio\14.0\Bpl;D:\C++ builder\Embarcadero\Studio\14.0\bin64;C:\Users\USER\Documents\Embarcadero\Studio\14.0\Bpl\Win64;C:\windows\system32;C:\windows;C:\windows\System32\Wbem;C:\windows\System32\WindowsPowerShell\v1.0\;C:\windows\System32\OpenSSH\;C:\Program Files (x86)\NVIDIA Corporation\PhysX\Common;C:\WINDOWS\system32;C:\WINDOWS;C:\WINDOWS\System32\Wbem;C:\WINDOWS\System32\WindowsPowerShell\v1.0\;C:\WINDOWS\System32\OpenSSH\;D:\MinGW\bin;E:\Python;C:\Program Files (x86)\Intel\Intel(R) Management Engine Components\DAL;C:\Program Files\Intel\Intel(R) Management Engine Components\DAL;C:\Program Files (x86)\Intel\Intel(R) Management Engine Components\IPT;C:\Program Files\Intel\Intel(R) Management Engine Components\IPT;C:\Program Files\dotnet\sdk;D:\Python;C:\Program Files\Java\jdk-17.0.2;C:\Program Files\Java\jdk-17.0.2\bin;E:\Matlab Software\runtime\win64;E:\Matlab Software\bin;E:\Matlab Software\polyspace\bin;C:\Program Files\dotnet\;E:\gs9.56.1\bin;C:\Program Files\NVIDIA Corporation\NVIDIA NvDLISR;C:\ProgramData\chocolatey\bin;E:\Nodejs\;E:\Git\cmd;C:\Users\USER\.cargo\bin;C:\aircrack-ng-1.6-win\bin;C:\Users\USER\AppData\Local\Programs\Microsoft VS Code\bin;C:\Users\USER\AppData\Local\Microsoft\WindowsApps;E:\Downloads\sleuthkit-4.11.1-win32\sleuthkit-4.11.1-win32\bin;C:\Users\USER\AppData\Local\GitHubDesktop\bin;C:\Users\USER\AppData\Roaming\npm

Yarn version: 
  1.22.19

Node version: 
  18.16.0

Platform: 
  win32 x64

Trace: 
  Error: https://registry.yarnpkg.com/mdi-material-ui/-/mdi-material-ui-7.7.0.tgz: ESOCKETTIMEDOUT
      at ClientRequest.<anonymous> (C:\Users\USER\AppData\Roaming\npm\node_modules\yarn\lib\cli.js:141517:19)
      at Object.onceWrapper (node:events:627:28)
      at ClientRequest.emit (node:events:513:28)
      at TLSSocket.emitRequestTimeout (node:_http_client:848:9)
      at Object.onceWrapper (node:events:627:28)
      at TLSSocket.emit (node:events:525:35)
      at Socket._onTimeout (node:net:570:8)
      at listOnTimeout (node:internal/timers:569:17)
      at process.processTimers (node:internal/timers:512:7)

npm manifest: 
  {
    "name": "materio-mui-react-nextjs-admin-template-free",
    "description": "Most Powerful & Comprehensive Free MUI React NextJS Admin Dashboard Template built for developers! 🚀",
    "license": "MIT",
    "version": "1.0.0",
    "author": {
      "name": "ThemeSelection",
      "url": "https://themeselection.com/"
    },
    "bugs": {
      "url": "https://github.com/themeselection/materio-mui-react-nextjs-admin-template-free/issues"
    },
    "private": false,
    "repository": {
      "type": "git",
      "url": "https://github.com/themeselection/materio-mui-react-nextjs-admin-template-free.git"
    },
    "homepage": "https://themeselection.com/products/materio-free-mui-react-nextjs-admin-template/",
    "keywords": [
      "react",
      "javascript",
      "admin",
      "typescript",
      "dashboard",
      "material-design",
      "nextjs",
      "material-ui",
      "admin-dashboard",
      "free",
      "mui",
      "admin-template",
      "admin-panel",
      "freebies",
      "nextjs-template",
      "react-dashboard",
      "themeselection"
    ],
    "scripts": {
      "dev": "next dev",
      "build": "next build",
      "start": "next start",
      "export": "next export",
      "lint": "eslint --fix \"src/**/*.{js,jsx,ts,tsx}\"",
      "format": "prettier --write \"src/**/*.{js,jsx,ts,tsx}\""
    },
    "dependencies": {
      "@emotion/cache": "^11.6.0",
      "@emotion/react": "^11.7.0",
      "@emotion/server": "^11.4.0",
      "@emotion/styled": "^11.6.0",
      "@mui/lab": "^5.0.0-alpha.70",
      "@mui/material": "^5.4.3",
      "@popperjs/core": "^2.11.2",
      "apexcharts-clevision": "3.28.5",
      "clsx": "^1.1.1",
      "mdi-material-ui": "^7.1.0",
      "next": "12.0.4",
      "nprogress": "^0.2.0",
      "react": "17.0.2",
      "react-apexcharts": "^1.3.9",
      "react-datepicker": "^4.5.0",
      "react-dom": "17.0.2",
      "react-perfect-scrollbar": "^1.5.8",
      "react-popper": "^2.2.5"
    },
    "devDependencies": {
      "@types/node": "16.11.11",
      "@types/nprogress": "^0.2.0",
      "@types/react": "17.0.37",
      "@types/react-datepicker": "^4.3.2",
      "@typescript-eslint/eslint-plugin": "^5.6.0",
      "@typescript-eslint/parser": "^5.11.0",
      "eslint": "^7.32.0",
      "eslint-config-next": "12.0.4",
      "eslint-config-prettier": "^8.3.0",
      "eslint-import-resolver-alias": "^1.1.2",
      "eslint-import-resolver-typescript": "^2.5.0",
      "eslint-plugin-import": "^2.25.4",
      "next-transpile-modules": "^9.0.0",
      "prettier": "2.5.1",
      "typescript": "4.5.2"
    }
  }

yarn manifest: 
  No manifest

Lockfile: 
  No lockfile
